<?xml version="1.0" encoding="UTF-8"?>
<!-- Generated by org.testng.reporters.JUnitXMLReporter -->
<testsuite ignored="0" hostname="DESKTOP-NU2GF19" failures="0" tests="3" name="Test" time="54.463" errors="0" timestamp="01 Mar 2023 12:56:17 GMT">
  <testcase classname="com.cjc.dws.webapp.tests.DWSTests" name="register" time="13.36"/>
  <testcase classname="com.cjc.dws.webapp.tests.DWSTests" name="login" time="14.459"/>
  <testcase classname="com.cjc.dws.webapp.tests.DWSTests" name="addToCart" time="24.04"/>
</testsuite> <!-- Test -->
